<?xml version="1.0" encoding="UTF-8"?>
<!-- Generated by org.testng.reporters.JUnitXMLReporter -->
<testsuite hostname="Ravi" name="Test" tests="20" failures="2" timestamp="13 Aug 2019 05:28:44 GMT" time="70.401" errors="0">
  <testcase name="negativePriority" time="0.015" classname="testNG.Priority"/>
  <testcase name="createUser" time="0.001" classname="testNG.DemoAnottaions2"/>
  <testcase name="test1" time="43.19" classname="testNG.Asserstions">
    <failure type="java.lang.AssertionError" message="failed expected [invalid] but found [actiTIME - Login]">
      <![CDATA[java.lang.AssertionError: failed expected [invalid] but found [actiTIME - Login]
	at testNG.Asserstions.test1(Asserstions.java:17)
... Removed 29 stack frames]]>
    </failure>
  </testcase> <!-- test1 -->
  <testcase name="test2" time="27.117" classname="testNG.Asserstions">
    <failure type="java.lang.AssertionError" message="The following asserts failed:
	expected [invalid] but found [actiTIME - Login]">
      <![CDATA[java.lang.AssertionError: The following asserts failed:
	expected [invalid] but found [actiTIME - Login]
	at testNG.Asserstions.test2(Asserstions.java:32)
... Removed 25 stack frames]]>
    </failure>
  </testcase> <!-- test2 -->
  <testcase name="test" time="0.004" classname="testNG.DataProvider"/>
  <testcase name="test" time="0.003" classname="testNG.DataProvider"/>
  <testcase name="test" time="0.003" classname="testNG.DataProvider"/>
  <testcase name="mytest" time="0.0" classname="testNG.Parameters">
    <skipped/>
  </testcase> <!-- mytest -->
  <testcase name="f" time="0.001" classname="testNG.NewTest2"/>
  <testcase name="testDemo" time="0.001" classname="testNG.TestNgDemo"/>
  <testcase name="createUser" time="0.0" classname="testNG.DeMoA"/>
  <testcase name="deleteUser" time="0.0" classname="testNG.DemoA1"/>
  <testcase name="AeROPriority" time="0.001" classname="testNG.Priority"/>
  <testcase name="invocationCount" time="0.001" classname="testNG.Priority"/>
  <testcase name="invocationCount" time="0.001" classname="testNG.Priority"/>
  <testcase name="deleteuser" time="0.0" classname="testNG.AnnotationsDemo"/>
  <testcase name="createUSER" time="0.001" classname="testNG.Groups"/>
  <testcase name="test" time="0.001" classname="testNG.Priority"/>
  <testcase name="createUser2" time="0.001" classname="testNG.Groups"/>
  <testcase name="dependecnyTest" time="0.001" classname="testNG.Groups"/>
</testsuite> <!-- Test -->
