<?xml version="1.0" encoding="UTF-8"?>
<testng-results skipped="0" failed="0" total="1" passed="1">
  <reporter-output>
  </reporter-output>
  <suite name="Default suite" duration-ms="479" started-at="2019-08-13T10:51:58Z" finished-at="2019-08-13T10:51:59Z">
    <groups>
    </groups>
    <test name="Default test" duration-ms="479" started-at="2019-08-13T10:51:58Z" finished-at="2019-08-13T10:51:59Z">
      <class name="testNG.Reports">
        <test-method status="PASS" signature="demo()[pri:0, instance:testNG.Reports@670002]" name="demo" duration-ms="462" started-at="2019-08-13T16:21:58Z" finished-at="2019-08-13T16:21:59Z">
          <reporter-output>
          </reporter-output>
        </test-method> <!-- demo -->
        <test-method status="PASS" signature="afterMethod(org.testng.ITestResult)[pri:0, instance:testNG.Reports@670002]" name="afterMethod" is-config="true" duration-ms="4" started-at="2019-08-13T16:21:59Z" finished-at="2019-08-13T16:21:59Z">
          <params>
            <param index="0">
              <value>
                <![CDATA[[TestResult name=demo status=SUCCESS method=Reports.demo()[pri:0, instance:testNG.Reports@670002] output={null}]]]>
              </value>
            </param>
          </params>
          <reporter-output>
          </reporter-output>
        </test-method> <!-- afterMethod -->
      </class> <!-- testNG.Reports -->
    </test> <!-- Default test -->
  </suite> <!-- Default suite -->
</testng-results>
